c:\users\chand\desktop\codeanalyzerex\codeanalyzerex\analyzer\debug\vc140.pdb
c:\users\chand\desktop\codeanalyzerex\codeanalyzerex\analyzer\debug\vc140.idb
c:\users\chand\desktop\codeanalyzerex\codeanalyzerex\analyzer\debug\abstrsyntree.obj
c:\users\chand\desktop\codeanalyzerex\codeanalyzerex\analyzer\debug\filemgr.obj
c:\users\chand\desktop\codeanalyzerex\codeanalyzerex\analyzer\debug\filesystem.obj
c:\users\chand\desktop\codeanalyzerex\codeanalyzerex\analyzer\debug\grammarhelpers.obj
c:\users\chand\desktop\codeanalyzerex\codeanalyzerex\analyzer\debug\logger.obj
c:\users\chand\desktop\codeanalyzerex\codeanalyzerex\analyzer\debug\actionsandrules.obj
c:\users\chand\desktop\codeanalyzerex\codeanalyzerex\analyzer\debug\configureparser.obj
c:\users\chand\desktop\codeanalyzerex\codeanalyzerex\analyzer\debug\parser.obj
c:\users\chand\desktop\codeanalyzerex\codeanalyzerex\analyzer\debug\scopestack.obj
c:\users\chand\desktop\codeanalyzerex\codeanalyzerex\analyzer\debug\semiexp.obj
c:\users\chand\desktop\codeanalyzerex\codeanalyzerex\analyzer\debug\tokenizer.obj
c:\users\chand\desktop\codeanalyzerex\codeanalyzerex\analyzer\debug\utilities.obj
c:\users\chand\desktop\codeanalyzerex\codeanalyzerex\analyzer\debug\executive.obj
c:\users\chand\desktop\codeanalyzerex\codeanalyzerex\analyzer\debug\typeanalysis.obj
c:\users\chand\desktop\codeanalyzerex\codeanalyzerex\debug\codeanalyzer.ilk
c:\users\chand\desktop\codeanalyzerex\codeanalyzerex\debug\codeanalyzer.exe
c:\users\chand\desktop\codeanalyzerex\codeanalyzerex\debug\codeanalyzer.pdb
c:\users\chand\desktop\codeanalyzerex\codeanalyzerex\analyzer\debug\executive.vcxprojresolveassemblyreference.cache
c:\users\chand\desktop\codeanalyzerex\codeanalyzerex\analyzer\debug\codeanalyzer.tlog\cl.command.1.tlog
c:\users\chand\desktop\codeanalyzerex\codeanalyzerex\analyzer\debug\codeanalyzer.tlog\cl.read.1.tlog
c:\users\chand\desktop\codeanalyzerex\codeanalyzerex\analyzer\debug\codeanalyzer.tlog\cl.write.1.tlog
c:\users\chand\desktop\codeanalyzerex\codeanalyzerex\analyzer\debug\codeanalyzer.tlog\link.command.1.tlog
c:\users\chand\desktop\codeanalyzerex\codeanalyzerex\analyzer\debug\codeanalyzer.tlog\link.read.1.tlog
c:\users\chand\desktop\codeanalyzerex\codeanalyzerex\analyzer\debug\codeanalyzer.tlog\link.write.1.tlog
